2013/10/21 11:29:00 [error] [exception.CDbException] exception 'CDbException' with message 'CDbConnection failed to open the DB connection: SQLSTATE[HY000] [2002] Can't connect to local MySQL server through socket '/var/run/mysqld/mysqld.sock' (2)' in /home/zhaorui/public_html/files/yii-1.1.14.f0fee9/framework/db/CDbConnection.php:382
Stack trace:
#0 /home/zhaorui/public_html/files/yii-1.1.14.f0fee9/framework/db/CDbConnection.php(330): CDbConnection->open()
#1 /home/zhaorui/public_html/files/yii-1.1.14.f0fee9/framework/db/CDbConnection.php(308): CDbConnection->setActive(true)
#2 /home/zhaorui/public_html/files/yii-1.1.14.f0fee9/framework/base/CModule.php(387): CDbConnection->init()
#3 /home/zhaorui/public_html/files/yii-1.1.14.f0fee9/framework/base/CModule.php(103): CModule->getComponent('db')
#4 /home/zhaorui/public_html/ctnet/protected/extensions/UserCounter.php(93): CModule->__get('db')
#5 /home/zhaorui/public_html/ctnet/protected/views/layouts/main.php(74): UserCounter->refresh()
#6 /home/zhaorui/public_html/files/yii-1.1.14.f0fee9/framework/web/CBaseController.php(126): require('/home/zhaorui/p...')
#7 /home/zhaorui/public_html/files/yii-1.1.14.f0fee9/framework/web/CBaseController.php(95): CBaseController->renderInternal('/home/zhaorui/p...', Array, true)
#8 /home/zhaorui/public_html/files/yii-1.1.14.f0fee9/framework/web/widgets/CContentDecorator.php(76): CBaseController->renderFile('/home/zhaorui/p...', Array, true)
#9 /home/zhaorui/public_html/files/yii-1.1.14.f0fee9/framework/web/widgets/CContentDecorator.php(54): CContentDecorator->decorate('<div id="conten...')
#10 /home/zhaorui/public_html/files/yii-1.1.14.f0fee9/framework/web/widgets/COutputProcessor.php(44): CContentDecorator->processOutput('<div id="conten...')
#11 /home/zhaorui/public_html/files/yii-1.1.14.f0fee9/framework/web/CBaseController.php(206): COutputProcessor->run()
#12 /home/zhaorui/public_html/files/yii-1.1.14.f0fee9/framework/web/CBaseController.php(300): CBaseController->endWidget('CContentDecorat...')
#13 /home/zhaorui/public_html/ctnet/protected/views/layouts/column1.php(6): CBaseController->endContent()
#14 /home/zhaorui/public_html/files/yii-1.1.14.f0fee9/framework/web/CBaseController.php(126): require('/home/zhaorui/p...')
#15 /home/zhaorui/public_html/files/yii-1.1.14.f0fee9/framework/web/CBaseController.php(95): CBaseController->renderInternal('/home/zhaorui/p...', Array, true)
#16 /home/zhaorui/public_html/files/yii-1.1.14.f0fee9/framework/web/CController.php(784): CBaseController->renderFile('/home/zhaorui/p...', Array, true)
#17 /home/zhaorui/public_html/ctnet/protected/controllers/SiteController.php(32): CController->render('index')
#18 /home/zhaorui/public_html/files/yii-1.1.14.f0fee9/framework/web/actions/CInlineAction.php(49): SiteController->actionIndex()
#19 /home/zhaorui/public_html/files/yii-1.1.14.f0fee9/framework/web/CController.php(308): CInlineAction->runWithParams(Array)
#20 /home/zhaorui/public_html/files/yii-1.1.14.f0fee9/framework/web/CController.php(286): CController->runAction(Object(CInlineAction))
#21 /home/zhaorui/public_html/files/yii-1.1.14.f0fee9/framework/web/CController.php(265): CController->runActionWithFilters(Object(CInlineAction), Array)
#22 /home/zhaorui/public_html/files/yii-1.1.14.f0fee9/framework/web/CWebApplication.php(282): CController->run('')
#23 /home/zhaorui/public_html/files/yii-1.1.14.f0fee9/framework/web/CWebApplication.php(141): CWebApplication->runController('')
#24 /home/zhaorui/public_html/files/yii-1.1.14.f0fee9/framework/base/CApplication.php(180): CWebApplication->processRequest()
#25 /home/zhaorui/public_html/ctnet/index.php(13): CApplication->run()
#26 {main}
REQUEST_URI=/~zhaorui/ctnet/
---
2013/10/21 11:29:42 [error] [exception.CDbException] exception 'CDbException' with message 'CDbConnection failed to open the DB connection: SQLSTATE[HY000] [2002] Can't connect to local MySQL server through socket '/var/run/mysqld/mysqld.sock' (2)' in /home/zhaorui/public_html/files/yii-1.1.14.f0fee9/framework/db/CDbConnection.php:382
Stack trace:
#0 /home/zhaorui/public_html/files/yii-1.1.14.f0fee9/framework/db/CDbConnection.php(330): CDbConnection->open()
#1 /home/zhaorui/public_html/files/yii-1.1.14.f0fee9/framework/db/CDbConnection.php(308): CDbConnection->setActive(true)
#2 /home/zhaorui/public_html/files/yii-1.1.14.f0fee9/framework/base/CModule.php(387): CDbConnection->init()
#3 /home/zhaorui/public_html/files/yii-1.1.14.f0fee9/framework/base/CModule.php(103): CModule->getComponent('db')
#4 /home/zhaorui/public_html/ctnet/protected/extensions/UserCounter.php(93): CModule->__get('db')
#5 /home/zhaorui/public_html/ctnet/protected/views/layouts/main.php(74): UserCounter->refresh()
#6 /home/zhaorui/public_html/files/yii-1.1.14.f0fee9/framework/web/CBaseController.php(126): require('/home/zhaorui/p...')
#7 /home/zhaorui/public_html/files/yii-1.1.14.f0fee9/framework/web/CBaseController.php(95): CBaseController->renderInternal('/home/zhaorui/p...', Array, true)
#8 /home/zhaorui/public_html/files/yii-1.1.14.f0fee9/framework/web/widgets/CContentDecorator.php(76): CBaseController->renderFile('/home/zhaorui/p...', Array, true)
#9 /home/zhaorui/public_html/files/yii-1.1.14.f0fee9/framework/web/widgets/CContentDecorator.php(54): CContentDecorator->decorate('<div id="conten...')
#10 /home/zhaorui/public_html/files/yii-1.1.14.f0fee9/framework/web/widgets/COutputProcessor.php(44): CContentDecorator->processOutput('<div id="conten...')
#11 /home/zhaorui/public_html/files/yii-1.1.14.f0fee9/framework/web/CBaseController.php(206): COutputProcessor->run()
#12 /home/zhaorui/public_html/files/yii-1.1.14.f0fee9/framework/web/CBaseController.php(300): CBaseController->endWidget('CContentDecorat...')
#13 /home/zhaorui/public_html/ctnet/protected/views/layouts/column1.php(6): CBaseController->endContent()
#14 /home/zhaorui/public_html/files/yii-1.1.14.f0fee9/framework/web/CBaseController.php(126): require('/home/zhaorui/p...')
#15 /home/zhaorui/public_html/files/yii-1.1.14.f0fee9/framework/web/CBaseController.php(95): CBaseController->renderInternal('/home/zhaorui/p...', Array, true)
#16 /home/zhaorui/public_html/files/yii-1.1.14.f0fee9/framework/web/CController.php(784): CBaseController->renderFile('/home/zhaorui/p...', Array, true)
#17 /home/zhaorui/public_html/ctnet/protected/controllers/SiteController.php(32): CController->render('index')
#18 /home/zhaorui/public_html/files/yii-1.1.14.f0fee9/framework/web/actions/CInlineAction.php(49): SiteController->actionIndex()
#19 /home/zhaorui/public_html/files/yii-1.1.14.f0fee9/framework/web/CController.php(308): CInlineAction->runWithParams(Array)
#20 /home/zhaorui/public_html/files/yii-1.1.14.f0fee9/framework/web/CController.php(286): CController->runAction(Object(CInlineAction))
#21 /home/zhaorui/public_html/files/yii-1.1.14.f0fee9/framework/web/CController.php(265): CController->runActionWithFilters(Object(CInlineAction), Array)
#22 /home/zhaorui/public_html/files/yii-1.1.14.f0fee9/framework/web/CWebApplication.php(282): CController->run('')
#23 /home/zhaorui/public_html/files/yii-1.1.14.f0fee9/framework/web/CWebApplication.php(141): CWebApplication->runController('')
#24 /home/zhaorui/public_html/files/yii-1.1.14.f0fee9/framework/base/CApplication.php(180): CWebApplication->processRequest()
#25 /home/zhaorui/public_html/ctnet/index.php(13): CApplication->run()
#26 {main}
REQUEST_URI=/~zhaorui/ctnet/
---
2013/10/21 11:29:49 [error] [exception.CDbException] exception 'CDbException' with message 'CDbConnection failed to open the DB connection: SQLSTATE[HY000] [2002] Can't connect to local MySQL server through socket '/var/run/mysqld/mysqld.sock' (2)' in /home/zhaorui/public_html/files/yii-1.1.14.f0fee9/framework/db/CDbConnection.php:382
Stack trace:
#0 /home/zhaorui/public_html/files/yii-1.1.14.f0fee9/framework/db/CDbConnection.php(330): CDbConnection->open()
#1 /home/zhaorui/public_html/files/yii-1.1.14.f0fee9/framework/db/CDbConnection.php(308): CDbConnection->setActive(true)
#2 /home/zhaorui/public_html/files/yii-1.1.14.f0fee9/framework/base/CModule.php(387): CDbConnection->init()
#3 /home/zhaorui/public_html/files/yii-1.1.14.f0fee9/framework/base/CModule.php(103): CModule->getComponent('db')
#4 /home/zhaorui/public_html/ctnet/protected/extensions/UserCounter.php(93): CModule->__get('db')
#5 /home/zhaorui/public_html/ctnet/protected/views/layouts/main.php(74): UserCounter->refresh()
#6 /home/zhaorui/public_html/files/yii-1.1.14.f0fee9/framework/web/CBaseController.php(126): require('/home/zhaorui/p...')
#7 /home/zhaorui/public_html/files/yii-1.1.14.f0fee9/framework/web/CBaseController.php(95): CBaseController->renderInternal('/home/zhaorui/p...', Array, true)
#8 /home/zhaorui/public_html/files/yii-1.1.14.f0fee9/framework/web/widgets/CContentDecorator.php(76): CBaseController->renderFile('/home/zhaorui/p...', Array, true)
#9 /home/zhaorui/public_html/files/yii-1.1.14.f0fee9/framework/web/widgets/CContentDecorator.php(54): CContentDecorator->decorate('<div id="conten...')
#10 /home/zhaorui/public_html/files/yii-1.1.14.f0fee9/framework/web/widgets/COutputProcessor.php(44): CContentDecorator->processOutput('<div id="conten...')
#11 /home/zhaorui/public_html/files/yii-1.1.14.f0fee9/framework/web/CBaseController.php(206): COutputProcessor->run()
#12 /home/zhaorui/public_html/files/yii-1.1.14.f0fee9/framework/web/CBaseController.php(300): CBaseController->endWidget('CContentDecorat...')
#13 /home/zhaorui/public_html/ctnet/protected/views/layouts/column1.php(6): CBaseController->endContent()
#14 /home/zhaorui/public_html/files/yii-1.1.14.f0fee9/framework/web/CBaseController.php(126): require('/home/zhaorui/p...')
#15 /home/zhaorui/public_html/files/yii-1.1.14.f0fee9/framework/web/CBaseController.php(95): CBaseController->renderInternal('/home/zhaorui/p...', Array, true)
#16 /home/zhaorui/public_html/files/yii-1.1.14.f0fee9/framework/web/CController.php(784): CBaseController->renderFile('/home/zhaorui/p...', Array, true)
#17 /home/zhaorui/public_html/ctnet/protected/controllers/SiteController.php(32): CController->render('index')
#18 /home/zhaorui/public_html/files/yii-1.1.14.f0fee9/framework/web/actions/CInlineAction.php(49): SiteController->actionIndex()
#19 /home/zhaorui/public_html/files/yii-1.1.14.f0fee9/framework/web/CController.php(308): CInlineAction->runWithParams(Array)
#20 /home/zhaorui/public_html/files/yii-1.1.14.f0fee9/framework/web/CController.php(286): CController->runAction(Object(CInlineAction))
#21 /home/zhaorui/public_html/files/yii-1.1.14.f0fee9/framework/web/CController.php(265): CController->runActionWithFilters(Object(CInlineAction), Array)
#22 /home/zhaorui/public_html/files/yii-1.1.14.f0fee9/framework/web/CWebApplication.php(282): CController->run('')
#23 /home/zhaorui/public_html/files/yii-1.1.14.f0fee9/framework/web/CWebApplication.php(141): CWebApplication->runController('')
#24 /home/zhaorui/public_html/files/yii-1.1.14.f0fee9/framework/base/CApplication.php(180): CWebApplication->processRequest()
#25 /home/zhaorui/public_html/ctnet/index.php(13): CApplication->run()
#26 {main}
REQUEST_URI=/~zhaorui/ctnet/
---
